<?xml version="1.0" encoding="UTF-8"?>
<!-- Generated by org.testng.reporters.JUnitReportReporter -->
<testsuite skipped="0" hostname="Alok" name="com.smarts.qa.testcases.LoginTest1" tests="1" failures="0" timestamp="15 Mar 2019 00:36:31 GMT" time="6.632" errors="0">
  <testcase name="loginTesting" time="6.632" classname="com.smarts.qa.testcases.LoginTest1"/>
</testsuite> <!-- com.smarts.qa.testcases.LoginTest1 -->
