<?xml version="1.0" encoding="UTF-8"?>
<!-- Generated by org.testng.reporters.JUnitReportReporter -->
<testsuite skipped="0" hostname="Alok" name="com.smarts.qa.testcases.End_To_Endtest" tests="1" failures="0" timestamp="28 Feb 2019 02:01:33 GMT" time="29.053" errors="0">
  <testcase name="testcomponents" time="29.053" classname="com.smarts.qa.testcases.End_To_Endtest"/>
</testsuite> <!-- com.smarts.qa.testcases.End_To_Endtest -->
