<?xml version="1.0" encoding="UTF-8"?>
<!-- Generated by org.testng.reporters.JUnitReportReporter -->
<testsuite skipped="0" hostname="Alok" name="com.smarts.qa.testcases.Registrationtest" tests="2" failures="0" timestamp="04 Oct 2018 17:12:01 GMT" time="17.796" errors="0">
  <testcase name="titletest" time="10.428" classname="com.smarts.qa.testcases.Registrationtest"/>
  <testcase name="validatetitle" time="7.368" classname="com.smarts.qa.testcases.Registrationtest"/>
</testsuite> <!-- com.smarts.qa.testcases.Registrationtest -->
