<?xml version="1.0" encoding="UTF-8"?>
<!-- Generated by org.testng.reporters.JUnitReportReporter -->
<testsuite hostname="Rakyz-Laptop" failures="0" tests="2" name="com.smarts.qa.testcases.LoginTest1" time="11.929" errors="0" timestamp="15 Mar 2019 02:49:02 GMT" skipped="0">
  <testcase classname="com.smarts.qa.testcases.LoginTest1" name="loginTesting3" time="5.352"/>
  <testcase classname="com.smarts.qa.testcases.LoginTest1" name="loginTesting" time="6.577"/>
</testsuite> <!-- com.smarts.qa.testcases.LoginTest1 -->
