<?xml version="1.0" encoding="UTF-8"?>
<!-- Generated by org.testng.reporters.JUnitReportReporter -->
<testsuite skipped="0" hostname="Alok" name="com.smarts.qa.testcases.HomePageTest" tests="1" failures="0" timestamp="03 Oct 2018 23:16:58 GMT" time="8.746" errors="0">
  <testcase name="Validatetitletest" time="8.746" classname="com.smarts.qa.testcases.HomePageTest"/>
</testsuite> <!-- com.smarts.qa.testcases.HomePageTest -->
