<?xml version="1.0" encoding="UTF-8"?>
<!-- Generated by org.testng.reporters.JUnitReportReporter -->
<testsuite skipped="0" hostname="Alok" name="com.smarts.qa.testcases.LoginTest" tests="2" failures="0" timestamp="03 Oct 2018 23:16:58 GMT" time="15.545" errors="0">
  <testcase name="validatetitle" time="6.973" classname="com.smarts.qa.testcases.LoginTest"/>
  <testcase name="logintesrcase" time="8.572" classname="com.smarts.qa.testcases.LoginTest"/>
</testsuite> <!-- com.smarts.qa.testcases.LoginTest -->
